<?xml version="1.0" encoding="utf-8"?><testsuites name="pytest tests"><testsuite name="pytest" errors="0" failures="0" skipped="0" tests="12" time="6.824" timestamp="2026-09-12T14:00:09.040325+00:00" hostname="agent-env-fd4bd67b-c3a9-4940-8ff2-bd2e4ce35f39"><testcase classname="tests.test_iter14.TestWarehouseBulkOps" name="test_bulk_delete_and_tag_delete" time="1.855" /><testcase classname="tests.test_iter14.TestWarehouseBulkOps" name="test_bulk_delete_empty_ids" time="0.144" /><testcase classname="tests.test_iter14.TestWarehouseBulkOps" name="test_delete_tag_empty" time="0.124" /><testcase classname="tests.test_iter14.TestMyAssigned" name="test_requires_auth" time="0.118" /><testcase classname="tests.test_iter14.TestMyAssigned" name="test_returns_only_assigned_not_scaricato" time="1.820" /><testcase classname="tests.test_iter14.TestVacations" name="test_full_flow_create_list_decide_delete" time="1.174" /><testcase classname="tests.test_iter14.TestVacations" name="test_invalid_dates" time="0.253" /><testcase classname="tests.test_iter14.TestVacations" name="test_invalid_decision" time="0.395" /><testcase classname="tests.test_iter14.TestVacations" name="test_user_pending_delete_own" time="0.253" /><testcase classname="tests.test_iter14.TestAdminDashboard" name="test_requires_admin" time="0.120" /><testcase classname="tests.test_iter14.TestAdminDashboard" name="test_shape" time="0.336" /><testcase classname="tests.test_iter14.TestAdminDashboard" name="test_default_date_range" time="0.148" /></testsuite></testsuites>