<?xml version="1.0" encoding="utf-8"?><testsuites name="pytest tests"><testsuite name="pytest" errors="0" failures="0" skipped="0" tests="13" time="4.439" timestamp="2026-09-12T13:42:33.083989+00:00" hostname="agent-env-fd4bd67b-c3a9-4940-8ff2-bd2e4ce35f39"><testcase classname="tests.test_iter13" name="test_notes_stats_structure" time="0.750" /><testcase classname="tests.test_iter13" name="test_notes_stats_date_range" time="0.148" /><testcase classname="tests.test_iter13" name="test_patch_note_type_migrazione_syncs_status" time="0.341" /><testcase classname="tests.test_iter13" name="test_patch_status_espletato_syncs_note_type" time="0.156" /><testcase classname="tests.test_iter13" name="test_patch_note_type_guasto" time="0.127" /><testcase classname="tests.test_iter13" name="test_suspend_email_400_when_not_sospeso" time="0.133" /><testcase classname="tests.test_iter13" name="test_suspend_email_ok_when_sospeso" time="0.250" /><testcase classname="tests.test_iter13" name="test_compose_note_materials_and_empty_fields" time="0.167" /><testcase classname="tests.test_iter13" name="test_multi_serial_paste_and_cleanup" time="0.910" /><testcase classname="tests.test_iter13" name="test_thresholds_crud_and_alert" time="0.631" /><testcase classname="tests.test_iter13" name="test_users_approved" time="0.242" /><testcase classname="tests.test_iter13" name="test_team_today_empty" time="0.240" /><testcase classname="tests.test_iter13" name="test_team_today_set_self_rejected" time="0.268" /></testsuite></testsuites>