<?xml version="1.0" encoding="utf-8"?><testsuites name="pytest tests"><testsuite name="pytest" errors="0" failures="0" skipped="0" tests="4" time="6.598" timestamp="2026-09-12T14:12:16.850282+00:00" hostname="agent-env-fd4bd67b-c3a9-4940-8ff2-bd2e4ce35f39"><testcase classname="tests.test_iter15.TestPdfPrivateFields" name="test_private_fields_extracted" time="1.388" /><testcase classname="tests.test_iter15.TestReturnToWarehouse" name="test_return_flow_and_permissions" time="4.344" /><testcase classname="tests.test_iter15.TestReturnToWarehouse" name="test_return_404_for_unknown_serial" time="0.138" /><testcase classname="tests.test_iter15.TestPdfFaultAutoDetect" name="test_non_numeric_wr_becomes_guasto" time="1.480" /></testsuite></testsuites>