<?xml version="1.0" encoding="utf-8"?><testsuites name="pytest tests"><testsuite name="pytest" errors="0" failures="0" skipped="0" tests="4" time="5.440" timestamp="2026-09-12T14:26:21.020541+00:00" hostname="agent-env-fd4bd67b-c3a9-4940-8ff2-bd2e4ce35f39"><testcase classname="tests.test_iter16.TestVacationVisibility" name="test_regular_user_sees_only_own" time="3.723" /><testcase classname="tests.test_iter16.TestVacationOverlap" name="test_overlap_flag_and_notification" time="4.504" /><testcase classname="tests.test_iter16.TestVacationVisibility" name="test_magazzino_sees_all" time="0.848" /><testcase classname="tests.test_iter16.TestVacationVisibility" name="test_admin_sees_all" time="0.361" /></testsuite></testsuites>